c:\users\egor\source\repos\consoleapplication2\consoleapplication2\debug\vc142.pdb
c:\users\egor\source\repos\consoleapplication2\consoleapplication2\debug\vc142.idb
c:\users\egor\source\repos\consoleapplication2\consoleapplication2\debug\wood.obj
c:\users\egor\source\repos\consoleapplication2\consoleapplication2\debug\steel_piles.obj
c:\users\egor\source\repos\consoleapplication2\consoleapplication2\debug\polymer_pipes.obj
c:\users\egor\source\repos\consoleapplication2\consoleapplication2\debug\material_tech2.obj
c:\users\egor\source\repos\consoleapplication2\consoleapplication2\debug\material_tech.obj
c:\users\egor\source\repos\consoleapplication2\consoleapplication2\debug\material.obj
c:\users\egor\source\repos\consoleapplication2\consoleapplication2\debug\gypsum.obj
c:\users\egor\source\repos\consoleapplication2\consoleapplication2\debug\glass.obj
c:\users\egor\source\repos\consoleapplication2\consoleapplication2\debug\consoleapplication2.obj
c:\users\egor\source\repos\consoleapplication2\consoleapplication2\debug\cement.obj
c:\users\egor\source\repos\consoleapplication2\consoleapplication2\debug\bitumen.obj
c:\users\egor\source\repos\consoleapplication2\debug\consoleapplication2.exe
c:\users\egor\source\repos\consoleapplication2\debug\consoleapplication2.ilk
c:\users\egor\source\repos\consoleapplication2\debug\consoleapplication2.pdb
c:\users\egor\source\repos\consoleapplication2\consoleapplication2\debug\consolea.0c56c233.tlog\cl.command.1.tlog
c:\users\egor\source\repos\consoleapplication2\consoleapplication2\debug\consolea.0c56c233.tlog\cl.read.1.tlog
c:\users\egor\source\repos\consoleapplication2\consoleapplication2\debug\consolea.0c56c233.tlog\cl.write.1.tlog
c:\users\egor\source\repos\consoleapplication2\consoleapplication2\debug\consolea.0c56c233.tlog\link.command.1.tlog
c:\users\egor\source\repos\consoleapplication2\consoleapplication2\debug\consolea.0c56c233.tlog\link.read.1.tlog
c:\users\egor\source\repos\consoleapplication2\consoleapplication2\debug\consolea.0c56c233.tlog\link.write.1.tlog
